[INFO] Scanning for projects...
[INFO] 
[INFO] ----------------------< com.cronos:auth-service >-----------------------
[INFO] Building Cronos Restobar - Auth Service 1.0.0
[INFO]   from pom.xml
[INFO] --------------------------------[ jar ]---------------------------------
[INFO] 
[INFO] >>> spring-boot:3.2.4:run (default-cli) > test-compile @ auth-service >>>
[INFO] 
[INFO] --- resources:3.3.1:resources (default-resources) @ auth-service ---
[INFO] Copying 1 resource from src/main/resources to target/classes
[INFO] Copying 0 resource from src/main/resources to target/classes
[INFO] 
[INFO] --- compiler:3.11.0:compile (default-compile) @ auth-service ---
[INFO] Nothing to compile - all classes are up to date
[INFO] 
[INFO] --- resources:3.3.1:testResources (default-testResources) @ auth-service ---
[INFO] skip non existing resourceDirectory /Users/aldair/GitHub/CronosRestobar/auth-service/src/test/resources
[INFO] 
[INFO] --- compiler:3.11.0:testCompile (default-testCompile) @ auth-service ---
[INFO] Nothing to compile - all classes are up to date
[INFO] 
[INFO] <<< spring-boot:3.2.4:run (default-cli) < test-compile @ auth-service <<<
[INFO] 
[INFO] 
[INFO] --- spring-boot:3.2.4:run (default-cli) @ auth-service ---
[INFO] Attaching agents: []

  .   ____          _            __ _ _
 /\\ / ___'_ __ _ _(_)_ __  __ _ \ \ \ \
( ( )\___ | '_ | '_| | '_ \/ _` | \ \ \ \
 \\/  ___)| |_)| | | | | || (_| |  ) ) ) )
  '  |____| .__|_| |_|_| |_\__, | / / / /
 =========|_|==============|___/=/_/_/_/
 :: Spring Boot ::                (v3.2.4)

2026-06-22T19:26:08.333-05:00  INFO 82063 --- [auth-service] [           main] com.cronos.auth.AuthApplication          : Starting AuthApplication using Java 25.0.3 with PID 82063 (/Users/aldair/GitHub/CronosRestobar/auth-service/target/classes started by aldair in /Users/aldair/GitHub/CronosRestobar/auth-service)
2026-06-22T19:26:08.338-05:00  INFO 82063 --- [auth-service] [           main] com.cronos.auth.AuthApplication          : No active profile set, falling back to 1 default profile: "default"
2026-06-22T19:26:11.466-05:00  INFO 82063 --- [auth-service] [           main] .s.d.r.c.RepositoryConfigurationDelegate : Bootstrapping Spring Data JPA repositories in DEFAULT mode.
2026-06-22T19:26:11.638-05:00  INFO 82063 --- [auth-service] [           main] .s.d.r.c.RepositoryConfigurationDelegate : Finished Spring Data repository scanning in 163 ms. Found 1 JPA repository interface.
2026-06-22T19:26:12.179-05:00  INFO 82063 --- [auth-service] [           main] o.s.cloud.context.scope.GenericScope     : BeanFactory id=58631a24-fab1-3c3f-bcf6-7edc753e3869
2026-06-22T19:26:12.944-05:00  WARN 82063 --- [auth-service] [           main] trationDelegate$BeanPostProcessorChecker : Bean 'org.springframework.cloud.client.loadbalancer.LoadBalancerAutoConfiguration$DeferringLoadBalancerInterceptorConfig' of type [org.springframework.cloud.client.loadbalancer.LoadBalancerAutoConfiguration$DeferringLoadBalancerInterceptorConfig] is not eligible for getting processed by all BeanPostProcessors (for example: not eligible for auto-proxying). The currently created BeanPostProcessor [lbRestClientPostProcessor] is declared through a non-static factory method on that class; consider declaring it as static instead.
2026-06-22T19:26:12.946-05:00  WARN 82063 --- [auth-service] [           main] trationDelegate$BeanPostProcessorChecker : Bean 'deferringLoadBalancerInterceptor' of type [org.springframework.cloud.client.loadbalancer.DeferringLoadBalancerInterceptor] is not eligible for getting processed by all BeanPostProcessors (for example: not eligible for auto-proxying). Is this bean getting eagerly injected into a currently created BeanPostProcessor [lbRestClientPostProcessor]? Check the corresponding BeanPostProcessor declaration and its dependencies.
WARNING: A restricted method in java.lang.System has been called
WARNING: java.lang.System::load has been called by org.apache.tomcat.jni.Library in an unnamed module (file:/Users/aldair/.m2/repository/org/apache/tomcat/embed/tomcat-embed-core/10.1.19/tomcat-embed-core-10.1.19.jar)
WARNING: Use --enable-native-access=ALL-UNNAMED to avoid a warning for callers in this module
WARNING: Restricted methods will be blocked in a future release unless native access is enabled

2026-06-22T19:26:13.705-05:00  INFO 82063 --- [auth-service] [           main] o.s.b.w.embedded.tomcat.TomcatWebServer  : Tomcat initialized with port 8081 (http)
2026-06-22T19:26:13.714-05:00  INFO 82063 --- [auth-service] [           main] o.apache.catalina.core.StandardService   : Starting service [Tomcat]
2026-06-22T19:26:13.715-05:00  INFO 82063 --- [auth-service] [           main] o.apache.catalina.core.StandardEngine    : Starting Servlet engine: [Apache Tomcat/10.1.19]
2026-06-22T19:26:13.795-05:00  INFO 82063 --- [auth-service] [           main] o.a.c.c.C.[Tomcat].[localhost].[/]       : Initializing Spring embedded WebApplicationContext
2026-06-22T19:26:13.796-05:00  INFO 82063 --- [auth-service] [           main] w.s.c.ServletWebServerApplicationContext : Root WebApplicationContext: initialization completed in 5123 ms
2026-06-22T19:26:14.775-05:00  INFO 82063 --- [auth-service] [           main] o.hibernate.jpa.internal.util.LogHelper  : HHH000204: Processing PersistenceUnitInfo [name: default]
2026-06-22T19:26:14.833-05:00  INFO 82063 --- [auth-service] [           main] org.hibernate.Version                    : HHH000412: Hibernate ORM core version 6.4.4.Final
2026-06-22T19:26:15.051-05:00  INFO 82063 --- [auth-service] [           main] o.h.c.internal.RegionFactoryInitiator    : HHH000026: Second-level cache disabled
2026-06-22T19:26:15.449-05:00  INFO 82063 --- [auth-service] [           main] o.s.o.j.p.SpringPersistenceUnitInfo      : No LoadTimeWeaver setup: ignoring JPA class transformer
2026-06-22T19:26:15.468-05:00  INFO 82063 --- [auth-service] [           main] com.zaxxer.hikari.HikariDataSource       : HikariPool-1 - Starting...
2026-06-22T19:26:16.216-05:00  INFO 82063 --- [auth-service] [           main] com.zaxxer.hikari.pool.HikariPool        : HikariPool-1 - Added connection com.mysql.cj.jdbc.ConnectionImpl@3883031d
2026-06-22T19:26:16.219-05:00  INFO 82063 --- [auth-service] [           main] com.zaxxer.hikari.HikariDataSource       : HikariPool-1 - Start completed.
2026-06-22T19:26:19.499-05:00  INFO 82063 --- [auth-service] [           main] o.h.e.t.j.p.i.JtaPlatformInitiator       : HHH000489: No JTA platform available (set 'hibernate.transaction.jta.platform' to enable JTA platform integration)
2026-06-22T19:26:19.866-05:00  INFO 82063 --- [auth-service] [           main] j.LocalContainerEntityManagerFactoryBean : Initialized JPA EntityManagerFactory for persistence unit 'default'
2026-06-22T19:26:22.056-05:00  WARN 82063 --- [auth-service] [           main] JpaBaseConfiguration$JpaWebConfiguration : spring.jpa.open-in-view is enabled by default. Therefore, database queries may be performed during view rendering. Explicitly configure spring.jpa.open-in-view to disable this warning
2026-06-22T19:26:23.500-05:00  INFO 82063 --- [auth-service] [           main] o.s.b.a.e.web.EndpointLinksResolver      : Exposing 1 endpoint(s) beneath base path '/actuator'
2026-06-22T19:26:23.694-05:00  INFO 82063 --- [auth-service] [           main] o.s.s.web.DefaultSecurityFilterChain     : Will secure any request with [org.springframework.security.web.session.DisableEncodeUrlFilter@2541b4d3, org.springframework.security.web.context.request.async.WebAsyncManagerIntegrationFilter@6c5e6da, org.springframework.security.web.context.SecurityContextHolderFilter@1104cc93, org.springframework.security.web.header.HeaderWriterFilter@348c00d9, org.springframework.web.filter.CorsFilter@7f027735, org.springframework.security.web.authentication.logout.LogoutFilter@64aab3fd, com.cronos.auth.security.JwtAuthenticationFilter@4b8466c2, org.springframework.security.web.savedrequest.RequestCacheAwareFilter@7e9b68c5, org.springframework.security.web.servletapi.SecurityContextHolderAwareRequestFilter@14ca4b4d, org.springframework.security.web.authentication.AnonymousAuthenticationFilter@45f20384, org.springframework.security.web.session.SessionManagementFilter@7c590039, org.springframework.security.web.access.ExceptionTranslationFilter@4f9a8d71, org.springframework.security.web.access.intercept.AuthorizationFilter@709c41da]
2026-06-22T19:26:24.899-05:00  INFO 82063 --- [auth-service] [           main] DiscoveryClientOptionalArgsConfiguration : Eureka HTTP Client uses RestTemplate.
2026-06-22T19:26:25.021-05:00  WARN 82063 --- [auth-service] [           main] iguration$LoadBalancerCaffeineWarnLogger : Spring Cloud LoadBalancer is currently working with the default cache. While this cache implementation is useful for development and tests, it's recommended to use Caffeine cache in production.You can switch to using Caffeine cache, by adding it and org.springframework.cache.caffeine.CaffeineCacheManager to the classpath.
2026-06-22T19:26:25.179-05:00  INFO 82063 --- [auth-service] [           main] o.s.c.n.eureka.InstanceInfoFactory       : Setting initial instance status as: STARTING
2026-06-22T19:26:25.488-05:00  INFO 82063 --- [auth-service] [           main] com.netflix.discovery.DiscoveryClient    : Initializing Eureka in region us-east-1
2026-06-22T19:26:25.491-05:00  INFO 82063 --- [auth-service] [           main] c.n.d.s.r.aws.ConfigClusterResolver      : Resolving eureka endpoints via configuration
2026-06-22T19:26:25.515-05:00  INFO 82063 --- [auth-service] [           main] com.netflix.discovery.DiscoveryClient    : Disable delta property : false
2026-06-22T19:26:25.516-05:00  INFO 82063 --- [auth-service] [           main] com.netflix.discovery.DiscoveryClient    : Single vip registry refresh property : null
2026-06-22T19:26:25.518-05:00  INFO 82063 --- [auth-service] [           main] com.netflix.discovery.DiscoveryClient    : Force full registry fetch : false
2026-06-22T19:26:25.518-05:00  INFO 82063 --- [auth-service] [           main] com.netflix.discovery.DiscoveryClient    : Application is null : false
2026-06-22T19:26:25.518-05:00  INFO 82063 --- [auth-service] [           main] com.netflix.discovery.DiscoveryClient    : Registered Applications size is zero : true
2026-06-22T19:26:25.518-05:00  INFO 82063 --- [auth-service] [           main] com.netflix.discovery.DiscoveryClient    : Application version is -1: true
2026-06-22T19:26:25.518-05:00  INFO 82063 --- [auth-service] [           main] com.netflix.discovery.DiscoveryClient    : Getting all instance registry info from the eureka server
2026-06-22T19:26:26.190-05:00  INFO 82063 --- [auth-service] [           main] com.netflix.discovery.DiscoveryClient    : The response status is 200
2026-06-22T19:26:26.195-05:00  INFO 82063 --- [auth-service] [           main] com.netflix.discovery.DiscoveryClient    : Starting heartbeat executor: renew interval is: 30
2026-06-22T19:26:26.199-05:00  INFO 82063 --- [auth-service] [           main] c.n.discovery.InstanceInfoReplicator     : InstanceInfoReplicator onDemand update allowed rate per min is 4
2026-06-22T19:26:26.210-05:00  INFO 82063 --- [auth-service] [           main] com.netflix.discovery.DiscoveryClient    : Discovery Client initialized at timestamp 1782174386208 with initial instances count: 0
2026-06-22T19:26:26.221-05:00  INFO 82063 --- [auth-service] [           main] o.s.c.n.e.s.EurekaServiceRegistry        : Registering application AUTH-SERVICE with eureka with status UP
2026-06-22T19:26:26.222-05:00  INFO 82063 --- [auth-service] [           main] com.netflix.discovery.DiscoveryClient    : Saw local status change event StatusChangeEvent [timestamp=1782174386222, current=UP, previous=STARTING]
2026-06-22T19:26:26.224-05:00  INFO 82063 --- [auth-service] [nfoReplicator-0] com.netflix.discovery.DiscoveryClient    : DiscoveryClient_AUTH-SERVICE/192.168.18.43:auth-service:8081: registering service...
2026-06-22T19:26:26.268-05:00  INFO 82063 --- [auth-service] [           main] o.s.b.w.embedded.tomcat.TomcatWebServer  : Tomcat started on port 8081 (http) with context path ''
2026-06-22T19:26:26.270-05:00  INFO 82063 --- [auth-service] [           main] .s.c.n.e.s.EurekaAutoServiceRegistration : Updating port to 8081
2026-06-22T19:26:26.305-05:00  INFO 82063 --- [auth-service] [           main] com.cronos.auth.AuthApplication          : Started AuthApplication in 19.162 seconds (process running for 19.692)
2026-06-22T19:26:26.484-05:00  INFO 82063 --- [auth-service] [nfoReplicator-0] com.netflix.discovery.DiscoveryClient    : DiscoveryClient_AUTH-SERVICE/192.168.18.43:auth-service:8081 - registration status: 204
2026-06-22T19:26:56.211-05:00  INFO 82063 --- [auth-service] [freshExecutor-0] com.netflix.discovery.DiscoveryClient    : Disable delta property : false
2026-06-22T19:26:56.220-05:00  INFO 82063 --- [auth-service] [freshExecutor-0] com.netflix.discovery.DiscoveryClient    : Single vip registry refresh property : null
2026-06-22T19:26:56.221-05:00  INFO 82063 --- [auth-service] [freshExecutor-0] com.netflix.discovery.DiscoveryClient    : Force full registry fetch : false
2026-06-22T19:26:56.221-05:00  INFO 82063 --- [auth-service] [freshExecutor-0] com.netflix.discovery.DiscoveryClient    : Application is null : false
2026-06-22T19:26:56.221-05:00  INFO 82063 --- [auth-service] [freshExecutor-0] com.netflix.discovery.DiscoveryClient    : Registered Applications size is zero : true
2026-06-22T19:26:56.221-05:00  INFO 82063 --- [auth-service] [freshExecutor-0] com.netflix.discovery.DiscoveryClient    : Application version is -1: false
2026-06-22T19:26:56.221-05:00  INFO 82063 --- [auth-service] [freshExecutor-0] com.netflix.discovery.DiscoveryClient    : Getting all instance registry info from the eureka server
2026-06-22T19:26:56.301-05:00  INFO 82063 --- [auth-service] [freshExecutor-0] com.netflix.discovery.DiscoveryClient    : The response status is 200
2026-06-22T19:27:06.816-05:00  INFO 82063 --- [auth-service] [nio-8081-exec-1] o.a.c.c.C.[Tomcat].[localhost].[/]       : Initializing Spring DispatcherServlet 'dispatcherServlet'
2026-06-22T19:27:06.817-05:00  INFO 82063 --- [auth-service] [nio-8081-exec-1] o.s.web.servlet.DispatcherServlet        : Initializing Servlet 'dispatcherServlet'
2026-06-22T19:27:06.849-05:00  INFO 82063 --- [auth-service] [nio-8081-exec-1] o.s.web.servlet.DispatcherServlet        : Completed initialization in 32 ms
Hibernate: 
    select
        u1_0.id,
        u1_0.activo,
        u1_0.apellido_materno,
        u1_0.apellido_paterno,
        u1_0.dni,
        u1_0.email,
        u1_0.fecha_creacion,
        u1_0.nombre,
        u1_0.nombres,
        u1_0.password_hash,
        u1_0.rol,
        u1_0.telefono,
        u1_0.ultimo_acceso 
    from
        usuarios u1_0 
    where
        u1_0.email=?
Hibernate: 
    select
        u1_0.id 
    from
        usuarios u1_0 
    where
        u1_0.email=? 
    limit
        ?
Hibernate: 
    select
        u1_0.id 
    from
        usuarios u1_0 
    where
        u1_0.dni=? 
    limit
        ?
Hibernate: 
    insert 
    into
        usuarios
        (activo, apellido_materno, apellido_paterno, dni, email, fecha_creacion, nombre, nombres, password_hash, rol, telefono, ultimo_acceso) 
    values
        (?, ?, ?, ?, ?, ?, ?, ?, ?, ?, ?, ?)
Hibernate: 
    select
        u1_0.id,
        u1_0.activo,
        u1_0.apellido_materno,
        u1_0.apellido_paterno,
        u1_0.dni,
        u1_0.email,
        u1_0.fecha_creacion,
        u1_0.nombre,
        u1_0.nombres,
        u1_0.password_hash,
        u1_0.rol,
        u1_0.telefono,
        u1_0.ultimo_acceso 
    from
        usuarios u1_0 
    where
        u1_0.email=?
Hibernate: 
    update
        usuarios 
    set
        activo=?,
        apellido_materno=?,
        apellido_paterno=?,
        dni=?,
        email=?,
        nombre=?,
        nombres=?,
        password_hash=?,
        rol=?,
        telefono=?,
        ultimo_acceso=? 
    where
        id=?
Hibernate: 
    select
        u1_0.id,
        u1_0.activo,
        u1_0.apellido_materno,
        u1_0.apellido_paterno,
        u1_0.dni,
        u1_0.email,
        u1_0.fecha_creacion,
        u1_0.nombre,
        u1_0.nombres,
        u1_0.password_hash,
        u1_0.rol,
        u1_0.telefono,
        u1_0.ultimo_acceso 
    from
        usuarios u1_0 
    where
        u1_0.email=?
Hibernate: 
    update
        usuarios 
    set
        activo=?,
        apellido_materno=?,
        apellido_paterno=?,
        dni=?,
        email=?,
        nombre=?,
        nombres=?,
        password_hash=?,
        rol=?,
        telefono=?,
        ultimo_acceso=? 
    where
        id=?
Hibernate: 
    select
        u1_0.id,
        u1_0.activo,
        u1_0.apellido_materno,
        u1_0.apellido_paterno,
        u1_0.dni,
        u1_0.email,
        u1_0.fecha_creacion,
        u1_0.nombre,
        u1_0.nombres,
        u1_0.password_hash,
        u1_0.rol,
        u1_0.telefono,
        u1_0.ultimo_acceso 
    from
        usuarios u1_0 
    where
        u1_0.id=?
Hibernate: 
    select
        u1_0.id,
        u1_0.activo,
        u1_0.apellido_materno,
        u1_0.apellido_paterno,
        u1_0.dni,
        u1_0.email,
        u1_0.fecha_creacion,
        u1_0.nombre,
        u1_0.nombres,
        u1_0.password_hash,
        u1_0.rol,
        u1_0.telefono,
        u1_0.ultimo_acceso 
    from
        usuarios u1_0 
    where
        u1_0.email=?
Hibernate: 
    update
        usuarios 
    set
        activo=?,
        apellido_materno=?,
        apellido_paterno=?,
        dni=?,
        email=?,
        nombre=?,
        nombres=?,
        password_hash=?,
        rol=?,
        telefono=?,
        ultimo_acceso=? 
    where
        id=?
Hibernate: 
    select
        u1_0.id,
        u1_0.activo,
        u1_0.apellido_materno,
        u1_0.apellido_paterno,
        u1_0.dni,
        u1_0.email,
        u1_0.fecha_creacion,
        u1_0.nombre,
        u1_0.nombres,
        u1_0.password_hash,
        u1_0.rol,
        u1_0.telefono,
        u1_0.ultimo_acceso 
    from
        usuarios u1_0 
    where
        u1_0.email=?
Hibernate: 
    update
        usuarios 
    set
        activo=?,
        apellido_materno=?,
        apellido_paterno=?,
        dni=?,
        email=?,
        nombre=?,
        nombres=?,
        password_hash=?,
        rol=?,
        telefono=?,
        ultimo_acceso=? 
    where
        id=?
2026-06-22T19:31:25.547-05:00  INFO 82063 --- [auth-service] [trap-executor-0] c.n.d.s.r.aws.ConfigClusterResolver      : Resolving eureka endpoints via configuration
2026-06-22T19:36:25.579-05:00  INFO 82063 --- [auth-service] [trap-executor-0] c.n.d.s.r.aws.ConfigClusterResolver      : Resolving eureka endpoints via configuration
2026-06-22T19:41:25.555-05:00  INFO 82063 --- [auth-service] [trap-executor-0] c.n.d.s.r.aws.ConfigClusterResolver      : Resolving eureka endpoints via configuration
[INFO] ------------------------------------------------------------------------
[INFO] BUILD FAILURE
[INFO] ------------------------------------------------------------------------
[INFO] Total time:  18:47 min
[INFO] Finished at: 2026-06-22T19:44:51-05:00
[INFO] ------------------------------------------------------------------------
[ERROR] Failed to execute goal org.springframework.boot:spring-boot-maven-plugin:3.2.4:run (default-cli) on project auth-service: Process terminated with exit code: 137 -> [Help 1]
[ERROR] 
[ERROR] To see the full stack trace of the errors, re-run Maven with the -e switch.
[ERROR] Re-run Maven using the -X switch to enable full debug logging.
[ERROR] 
[ERROR] For more information about the errors and possible solutions, please read the following articles:
[ERROR] [Help 1] http://cwiki.apache.org/confluence/display/MAVEN/MojoExecutionException
