[INFO] Scanning for projects...
[INFO] 
[INFO] ----------------------< com.cronos:menu-service >-----------------------
[INFO] Building Cronos Restobar - Menu Service 1.0.0
[INFO]   from pom.xml
[INFO] --------------------------------[ jar ]---------------------------------
[INFO] 
[INFO] >>> spring-boot:3.2.4:run (default-cli) > test-compile @ menu-service >>>
[INFO] 
[INFO] --- resources:3.3.1:resources (default-resources) @ menu-service ---
[INFO] Copying 1 resource from src/main/resources to target/classes
[INFO] Copying 0 resource from src/main/resources to target/classes
[INFO] 
[INFO] --- compiler:3.11.0:compile (default-compile) @ menu-service ---
[INFO] Nothing to compile - all classes are up to date
[INFO] 
[INFO] --- resources:3.3.1:testResources (default-testResources) @ menu-service ---
[INFO] skip non existing resourceDirectory /Users/aldair/GitHub/CronosRestobar/menu-service/src/test/resources
[INFO] 
[INFO] --- compiler:3.11.0:testCompile (default-testCompile) @ menu-service ---
[INFO] Nothing to compile - all classes are up to date
[INFO] 
[INFO] <<< spring-boot:3.2.4:run (default-cli) < test-compile @ menu-service <<<
[INFO] 
[INFO] 
[INFO] --- spring-boot:3.2.4:run (default-cli) @ menu-service ---
[INFO] Attaching agents: []

  .   ____          _            __ _ _
 /\\ / ___'_ __ _ _(_)_ __  __ _ \ \ \ \
( ( )\___ | '_ | '_| | '_ \/ _` | \ \ \ \
 \\/  ___)| |_)| | | | | || (_| |  ) ) ) )
  '  |____| .__|_| |_|_| |_\__, | / / / /
 =========|_|==============|___/=/_/_/_/
 :: Spring Boot ::                (v3.2.4)

2026-06-22T19:26:11.988-05:00  INFO 82241 --- [menu-service] [           main] com.cronos.menu.MenuApplication          : Starting MenuApplication using Java 25.0.3 with PID 82241 (/Users/aldair/GitHub/CronosRestobar/menu-service/target/classes started by aldair in /Users/aldair/GitHub/CronosRestobar/menu-service)
2026-06-22T19:26:11.990-05:00  INFO 82241 --- [menu-service] [           main] com.cronos.menu.MenuApplication          : No active profile set, falling back to 1 default profile: "default"
2026-06-22T19:26:15.334-05:00  INFO 82241 --- [menu-service] [           main] .s.d.r.c.RepositoryConfigurationDelegate : Bootstrapping Spring Data JPA repositories in DEFAULT mode.
2026-06-22T19:26:15.814-05:00  INFO 82241 --- [menu-service] [           main] .s.d.r.c.RepositoryConfigurationDelegate : Finished Spring Data repository scanning in 464 ms. Found 2 JPA repository interfaces.
2026-06-22T19:26:16.703-05:00  INFO 82241 --- [menu-service] [           main] o.s.cloud.context.scope.GenericScope     : BeanFactory id=81d79612-8207-3062-a547-ce98f439003e
2026-06-22T19:26:17.872-05:00  WARN 82241 --- [menu-service] [           main] trationDelegate$BeanPostProcessorChecker : Bean 'org.springframework.cloud.client.loadbalancer.LoadBalancerAutoConfiguration$DeferringLoadBalancerInterceptorConfig' of type [org.springframework.cloud.client.loadbalancer.LoadBalancerAutoConfiguration$DeferringLoadBalancerInterceptorConfig] is not eligible for getting processed by all BeanPostProcessors (for example: not eligible for auto-proxying). The currently created BeanPostProcessor [lbRestClientPostProcessor] is declared through a non-static factory method on that class; consider declaring it as static instead.
2026-06-22T19:26:17.874-05:00  WARN 82241 --- [menu-service] [           main] trationDelegate$BeanPostProcessorChecker : Bean 'deferringLoadBalancerInterceptor' of type [org.springframework.cloud.client.loadbalancer.DeferringLoadBalancerInterceptor] is not eligible for getting processed by all BeanPostProcessors (for example: not eligible for auto-proxying). Is this bean getting eagerly injected into a currently created BeanPostProcessor [lbRestClientPostProcessor]? Check the corresponding BeanPostProcessor declaration and its dependencies.
WARNING: A restricted method in java.lang.System has been called
WARNING: java.lang.System::load has been called by org.apache.tomcat.jni.Library in an unnamed module (file:/Users/aldair/.m2/repository/org/apache/tomcat/embed/tomcat-embed-core/10.1.19/tomcat-embed-core-10.1.19.jar)
WARNING: Use --enable-native-access=ALL-UNNAMED to avoid a warning for callers in this module
WARNING: Restricted methods will be blocked in a future release unless native access is enabled

2026-06-22T19:26:18.681-05:00  INFO 82241 --- [menu-service] [           main] o.s.b.w.embedded.tomcat.TomcatWebServer  : Tomcat initialized with port 8082 (http)
2026-06-22T19:26:18.691-05:00  INFO 82241 --- [menu-service] [           main] o.apache.catalina.core.StandardService   : Starting service [Tomcat]
2026-06-22T19:26:18.691-05:00  INFO 82241 --- [menu-service] [           main] o.apache.catalina.core.StandardEngine    : Starting Servlet engine: [Apache Tomcat/10.1.19]
2026-06-22T19:26:18.768-05:00  INFO 82241 --- [menu-service] [           main] o.a.c.c.C.[Tomcat].[localhost].[/]       : Initializing Spring embedded WebApplicationContext
2026-06-22T19:26:18.769-05:00  INFO 82241 --- [menu-service] [           main] w.s.c.ServletWebServerApplicationContext : Root WebApplicationContext: initialization completed in 6742 ms
2026-06-22T19:26:20.272-05:00  INFO 82241 --- [menu-service] [           main] o.hibernate.jpa.internal.util.LogHelper  : HHH000204: Processing PersistenceUnitInfo [name: default]
2026-06-22T19:26:20.331-05:00  INFO 82241 --- [menu-service] [           main] org.hibernate.Version                    : HHH000412: Hibernate ORM core version 6.4.4.Final
2026-06-22T19:26:20.415-05:00  INFO 82241 --- [menu-service] [           main] o.h.c.internal.RegionFactoryInitiator    : HHH000026: Second-level cache disabled
2026-06-22T19:26:21.172-05:00  INFO 82241 --- [menu-service] [           main] o.s.o.j.p.SpringPersistenceUnitInfo      : No LoadTimeWeaver setup: ignoring JPA class transformer
2026-06-22T19:26:21.259-05:00  INFO 82241 --- [menu-service] [           main] com.zaxxer.hikari.HikariDataSource       : HikariPool-1 - Starting...
2026-06-22T19:26:21.816-05:00  INFO 82241 --- [menu-service] [           main] com.zaxxer.hikari.pool.HikariPool        : HikariPool-1 - Added connection com.mysql.cj.jdbc.ConnectionImpl@56f61d74
2026-06-22T19:26:21.823-05:00  INFO 82241 --- [menu-service] [           main] com.zaxxer.hikari.HikariDataSource       : HikariPool-1 - Start completed.
2026-06-22T19:26:22.078-05:00  WARN 82241 --- [menu-service] [           main] org.hibernate.orm.deprecation            : HHH90000025: MySQLDialect does not need to be specified explicitly using 'hibernate.dialect' (remove the property setting and it will be selected by default)
2026-06-22T19:26:24.192-05:00  INFO 82241 --- [menu-service] [           main] o.h.e.t.j.p.i.JtaPlatformInitiator       : HHH000489: No JTA platform available (set 'hibernate.transaction.jta.platform' to enable JTA platform integration)
2026-06-22T19:26:24.401-05:00  INFO 82241 --- [menu-service] [           main] j.LocalContainerEntityManagerFactoryBean : Initialized JPA EntityManagerFactory for persistence unit 'default'
2026-06-22T19:26:25.764-05:00  WARN 82241 --- [menu-service] [           main] JpaBaseConfiguration$JpaWebConfiguration : spring.jpa.open-in-view is enabled by default. Therefore, database queries may be performed during view rendering. Explicitly configure spring.jpa.open-in-view to disable this warning
2026-06-22T19:26:27.351-05:00  INFO 82241 --- [menu-service] [           main] DiscoveryClientOptionalArgsConfiguration : Eureka HTTP Client uses RestTemplate.
2026-06-22T19:26:27.448-05:00  WARN 82241 --- [menu-service] [           main] iguration$LoadBalancerCaffeineWarnLogger : Spring Cloud LoadBalancer is currently working with the default cache. While this cache implementation is useful for development and tests, it's recommended to use Caffeine cache in production.You can switch to using Caffeine cache, by adding it and org.springframework.cache.caffeine.CaffeineCacheManager to the classpath.
2026-06-22T19:26:27.459-05:00  INFO 82241 --- [menu-service] [           main] o.s.b.a.e.web.EndpointLinksResolver      : Exposing 1 endpoint(s) beneath base path '/actuator'
2026-06-22T19:26:27.685-05:00  INFO 82241 --- [menu-service] [           main] o.s.c.n.eureka.InstanceInfoFactory       : Setting initial instance status as: STARTING
2026-06-22T19:26:27.818-05:00  INFO 82241 --- [menu-service] [           main] com.netflix.discovery.DiscoveryClient    : Initializing Eureka in region us-east-1
2026-06-22T19:26:27.821-05:00  INFO 82241 --- [menu-service] [           main] c.n.d.s.r.aws.ConfigClusterResolver      : Resolving eureka endpoints via configuration
2026-06-22T19:26:27.843-05:00  INFO 82241 --- [menu-service] [           main] com.netflix.discovery.DiscoveryClient    : Disable delta property : false
2026-06-22T19:26:27.843-05:00  INFO 82241 --- [menu-service] [           main] com.netflix.discovery.DiscoveryClient    : Single vip registry refresh property : null
2026-06-22T19:26:27.843-05:00  INFO 82241 --- [menu-service] [           main] com.netflix.discovery.DiscoveryClient    : Force full registry fetch : false
2026-06-22T19:26:27.843-05:00  INFO 82241 --- [menu-service] [           main] com.netflix.discovery.DiscoveryClient    : Application is null : false
2026-06-22T19:26:27.843-05:00  INFO 82241 --- [menu-service] [           main] com.netflix.discovery.DiscoveryClient    : Registered Applications size is zero : true
2026-06-22T19:26:27.843-05:00  INFO 82241 --- [menu-service] [           main] com.netflix.discovery.DiscoveryClient    : Application version is -1: true
2026-06-22T19:26:27.843-05:00  INFO 82241 --- [menu-service] [           main] com.netflix.discovery.DiscoveryClient    : Getting all instance registry info from the eureka server
2026-06-22T19:26:28.195-05:00  INFO 82241 --- [menu-service] [           main] com.netflix.discovery.DiscoveryClient    : The response status is 200
2026-06-22T19:26:28.198-05:00  INFO 82241 --- [menu-service] [           main] com.netflix.discovery.DiscoveryClient    : Starting heartbeat executor: renew interval is: 30
2026-06-22T19:26:28.202-05:00  INFO 82241 --- [menu-service] [           main] c.n.discovery.InstanceInfoReplicator     : InstanceInfoReplicator onDemand update allowed rate per min is 4
2026-06-22T19:26:28.207-05:00  INFO 82241 --- [menu-service] [           main] com.netflix.discovery.DiscoveryClient    : Discovery Client initialized at timestamp 1782174388206 with initial instances count: 0
2026-06-22T19:26:28.212-05:00  INFO 82241 --- [menu-service] [           main] o.s.c.n.e.s.EurekaServiceRegistry        : Registering application MENU-SERVICE with eureka with status UP
2026-06-22T19:26:28.213-05:00  INFO 82241 --- [menu-service] [           main] com.netflix.discovery.DiscoveryClient    : Saw local status change event StatusChangeEvent [timestamp=1782174388213, current=UP, previous=STARTING]
2026-06-22T19:26:28.214-05:00  INFO 82241 --- [menu-service] [nfoReplicator-0] com.netflix.discovery.DiscoveryClient    : DiscoveryClient_MENU-SERVICE/192.168.18.43:menu-service:8082: registering service...
2026-06-22T19:26:28.236-05:00  INFO 82241 --- [menu-service] [           main] o.s.b.w.embedded.tomcat.TomcatWebServer  : Tomcat started on port 8082 (http) with context path ''
2026-06-22T19:26:28.239-05:00  INFO 82241 --- [menu-service] [           main] .s.c.n.e.s.EurekaAutoServiceRegistration : Updating port to 8082
2026-06-22T19:26:28.276-05:00  INFO 82241 --- [menu-service] [nfoReplicator-0] com.netflix.discovery.DiscoveryClient    : DiscoveryClient_MENU-SERVICE/192.168.18.43:menu-service:8082 - registration status: 204
2026-06-22T19:26:28.284-05:00  INFO 82241 --- [menu-service] [           main] com.cronos.menu.MenuApplication          : Started MenuApplication in 17.286 seconds (process running for 18.482)
2026-06-22T19:26:58.228-05:00  INFO 82241 --- [menu-service] [freshExecutor-0] com.netflix.discovery.DiscoveryClient    : Disable delta property : false
2026-06-22T19:26:58.233-05:00  INFO 82241 --- [menu-service] [freshExecutor-0] com.netflix.discovery.DiscoveryClient    : Single vip registry refresh property : null
2026-06-22T19:26:58.233-05:00  INFO 82241 --- [menu-service] [freshExecutor-0] com.netflix.discovery.DiscoveryClient    : Force full registry fetch : false
2026-06-22T19:26:58.233-05:00  INFO 82241 --- [menu-service] [freshExecutor-0] com.netflix.discovery.DiscoveryClient    : Application is null : false
2026-06-22T19:26:58.233-05:00  INFO 82241 --- [menu-service] [freshExecutor-0] com.netflix.discovery.DiscoveryClient    : Registered Applications size is zero : true
2026-06-22T19:26:58.233-05:00  INFO 82241 --- [menu-service] [freshExecutor-0] com.netflix.discovery.DiscoveryClient    : Application version is -1: false
2026-06-22T19:26:58.233-05:00  INFO 82241 --- [menu-service] [freshExecutor-0] com.netflix.discovery.DiscoveryClient    : Getting all instance registry info from the eureka server
2026-06-22T19:26:58.312-05:00  INFO 82241 --- [menu-service] [freshExecutor-0] com.netflix.discovery.DiscoveryClient    : The response status is 200
2026-06-22T19:27:50.440-05:00  INFO 82241 --- [menu-service] [nio-8082-exec-1] o.a.c.c.C.[Tomcat].[localhost].[/]       : Initializing Spring DispatcherServlet 'dispatcherServlet'
2026-06-22T19:27:50.441-05:00  INFO 82241 --- [menu-service] [nio-8082-exec-1] o.s.web.servlet.DispatcherServlet        : Initializing Servlet 'dispatcherServlet'
2026-06-22T19:27:50.495-05:00  INFO 82241 --- [menu-service] [nio-8082-exec-1] o.s.web.servlet.DispatcherServlet        : Completed initialization in 52 ms
Hibernate: 
    select
        p1_0.id,
        p1_0.activo,
        p1_0.categoria_id,
        p1_0.descripcion,
        p1_0.disponible,
        p1_0.imagen_url,
        p1_0.nombre,
        p1_0.orden_display,
        p1_0.precio,
        p1_0.tiempo_preparacion_min 
    from
        productos p1_0 
    where
        p1_0.id=?
Hibernate: 
    select
        c1_0.id,
        c1_0.activa,
        c1_0.descripcion,
        c1_0.nombre,
        c1_0.orden_display 
    from
        categorias c1_0 
    where
        c1_0.id=?
Hibernate: 
    select
        c1_0.id,
        c1_0.activa,
        c1_0.descripcion,
        c1_0.nombre,
        c1_0.orden_display 
    from
        categorias c1_0 
    where
        c1_0.activa 
    order by
        c1_0.orden_display
Hibernate: 
    select
        p1_0.id,
        p1_0.activo,
        p1_0.categoria_id,
        p1_0.descripcion,
        p1_0.disponible,
        p1_0.imagen_url,
        p1_0.nombre,
        p1_0.orden_display,
        p1_0.precio,
        p1_0.tiempo_preparacion_min 
    from
        productos p1_0 
    where
        p1_0.activo 
        and p1_0.disponible
Hibernate: 
    select
        c1_0.id,
        c1_0.activa,
        c1_0.descripcion,
        c1_0.nombre,
        c1_0.orden_display 
    from
        categorias c1_0 
    where
        c1_0.id=?
2026-06-22T19:31:27.867-05:00  INFO 82241 --- [menu-service] [trap-executor-0] c.n.d.s.r.aws.ConfigClusterResolver      : Resolving eureka endpoints via configuration
2026-06-22T19:36:27.877-05:00  INFO 82241 --- [menu-service] [trap-executor-0] c.n.d.s.r.aws.ConfigClusterResolver      : Resolving eureka endpoints via configuration
2026-06-22T19:41:27.854-05:00  INFO 82241 --- [menu-service] [trap-executor-0] c.n.d.s.r.aws.ConfigClusterResolver      : Resolving eureka endpoints via configuration
[INFO] ------------------------------------------------------------------------
[INFO] BUILD FAILURE
[INFO] ------------------------------------------------------------------------
[INFO] Total time:  18:46 min
[INFO] Finished at: 2026-06-22T19:44:51-05:00
[INFO] ------------------------------------------------------------------------
[ERROR] Failed to execute goal org.springframework.boot:spring-boot-maven-plugin:3.2.4:run (default-cli) on project menu-service: Process terminated with exit code: 137 -> [Help 1]
[ERROR] 
[ERROR] To see the full stack trace of the errors, re-run Maven with the -e switch.
[ERROR] Re-run Maven using the -X switch to enable full debug logging.
[ERROR] 
[ERROR] For more information about the errors and possible solutions, please read the following articles:
[ERROR] [Help 1] http://cwiki.apache.org/confluence/display/MAVEN/MojoExecutionException
