[INFO] Scanning for projects...
[INFO] 
[INFO] ------------------< com.cronos:notification-service >-------------------
[INFO] Building Cronos Restobar - Notification Service 1.0.0
[INFO]   from pom.xml
[INFO] --------------------------------[ jar ]---------------------------------
[INFO] 
[INFO] >>> spring-boot:3.2.4:run (default-cli) > test-compile @ notification-service >>>
[INFO] 
[INFO] --- resources:3.3.1:resources (default-resources) @ notification-service ---
[INFO] Copying 1 resource from src/main/resources to target/classes
[INFO] Copying 0 resource from src/main/resources to target/classes
[INFO] 
[INFO] --- compiler:3.11.0:compile (default-compile) @ notification-service ---
[INFO] Nothing to compile - all classes are up to date
[INFO] 
[INFO] --- resources:3.3.1:testResources (default-testResources) @ notification-service ---
[INFO] skip non existing resourceDirectory /Users/aldair/GitHub/CronosRestobar/notification-service/src/test/resources
[INFO] 
[INFO] --- compiler:3.11.0:testCompile (default-testCompile) @ notification-service ---
[INFO] Nothing to compile - all classes are up to date
[INFO] 
[INFO] <<< spring-boot:3.2.4:run (default-cli) < test-compile @ notification-service <<<
[INFO] 
[INFO] 
[INFO] --- spring-boot:3.2.4:run (default-cli) @ notification-service ---
[INFO] Attaching agents: []

  .   ____          _            __ _ _
 /\\ / ___'_ __ _ _(_)_ __  __ _ \ \ \ \
( ( )\___ | '_ | '_| | '_ \/ _` | \ \ \ \
 \\/  ___)| |_)| | | | | || (_| |  ) ) ) )
  '  |____| .__|_| |_|_| |_\__, | / / / /
 =========|_|==============|___/=/_/_/_/
 :: Spring Boot ::                (v3.2.4)

2026-06-22T19:26:16.062-05:00  INFO 82246 --- [notification-service] [           main] c.c.n.NotificationApplication            : Starting NotificationApplication using Java 25.0.3 with PID 82246 (/Users/aldair/GitHub/CronosRestobar/notification-service/target/classes started by aldair in /Users/aldair/GitHub/CronosRestobar/notification-service)
2026-06-22T19:26:16.065-05:00  INFO 82246 --- [notification-service] [           main] c.c.n.NotificationApplication            : No active profile set, falling back to 1 default profile: "default"
2026-06-22T19:26:19.350-05:00  INFO 82246 --- [notification-service] [           main] o.s.cloud.context.scope.GenericScope     : BeanFactory id=896d028d-aea2-370e-ab46-eaac6d7fec6b
2026-06-22T19:26:19.587-05:00  WARN 82246 --- [notification-service] [           main] trationDelegate$BeanPostProcessorChecker : Bean 'org.springframework.cloud.client.loadbalancer.LoadBalancerAutoConfiguration$DeferringLoadBalancerInterceptorConfig' of type [org.springframework.cloud.client.loadbalancer.LoadBalancerAutoConfiguration$DeferringLoadBalancerInterceptorConfig] is not eligible for getting processed by all BeanPostProcessors (for example: not eligible for auto-proxying). The currently created BeanPostProcessor [lbRestClientPostProcessor] is declared through a non-static factory method on that class; consider declaring it as static instead.
2026-06-22T19:26:19.594-05:00  WARN 82246 --- [notification-service] [           main] trationDelegate$BeanPostProcessorChecker : Bean 'deferringLoadBalancerInterceptor' of type [org.springframework.cloud.client.loadbalancer.DeferringLoadBalancerInterceptor] is not eligible for getting processed by all BeanPostProcessors (for example: not eligible for auto-proxying). Is this bean getting eagerly injected into a currently created BeanPostProcessor [lbRestClientPostProcessor]? Check the corresponding BeanPostProcessor declaration and its dependencies.
WARNING: A restricted method in java.lang.System has been called
WARNING: java.lang.System::load has been called by org.apache.tomcat.jni.Library in an unnamed module (file:/Users/aldair/.m2/repository/org/apache/tomcat/embed/tomcat-embed-core/10.1.19/tomcat-embed-core-10.1.19.jar)
WARNING: Use --enable-native-access=ALL-UNNAMED to avoid a warning for callers in this module
WARNING: Restricted methods will be blocked in a future release unless native access is enabled

2026-06-22T19:26:20.319-05:00  INFO 82246 --- [notification-service] [           main] o.s.b.w.embedded.tomcat.TomcatWebServer  : Tomcat initialized with port 8088 (http)
2026-06-22T19:26:20.331-05:00  INFO 82246 --- [notification-service] [           main] o.apache.catalina.core.StandardService   : Starting service [Tomcat]
2026-06-22T19:26:20.331-05:00  INFO 82246 --- [notification-service] [           main] o.apache.catalina.core.StandardEngine    : Starting Servlet engine: [Apache Tomcat/10.1.19]
2026-06-22T19:26:20.612-05:00  INFO 82246 --- [notification-service] [           main] o.a.c.c.C.[Tomcat].[localhost].[/]       : Initializing Spring embedded WebApplicationContext
2026-06-22T19:26:20.613-05:00  INFO 82246 --- [notification-service] [           main] w.s.c.ServletWebServerApplicationContext : Root WebApplicationContext: initialization completed in 4253 ms
2026-06-22T19:26:23.558-05:00  INFO 82246 --- [notification-service] [           main] DiscoveryClientOptionalArgsConfiguration : Eureka HTTP Client uses RestTemplate.
2026-06-22T19:26:23.658-05:00  WARN 82246 --- [notification-service] [           main] iguration$LoadBalancerCaffeineWarnLogger : Spring Cloud LoadBalancer is currently working with the default cache. While this cache implementation is useful for development and tests, it's recommended to use Caffeine cache in production.You can switch to using Caffeine cache, by adding it and org.springframework.cache.caffeine.CaffeineCacheManager to the classpath.
2026-06-22T19:26:23.664-05:00  INFO 82246 --- [notification-service] [           main] o.s.b.a.e.web.EndpointLinksResolver      : Exposing 1 endpoint(s) beneath base path '/actuator'
2026-06-22T19:26:23.718-05:00  INFO 82246 --- [notification-service] [           main] o.s.c.n.eureka.InstanceInfoFactory       : Setting initial instance status as: STARTING
2026-06-22T19:26:24.040-05:00  INFO 82246 --- [notification-service] [           main] com.netflix.discovery.DiscoveryClient    : Initializing Eureka in region us-east-1
2026-06-22T19:26:24.046-05:00  INFO 82246 --- [notification-service] [           main] c.n.d.s.r.aws.ConfigClusterResolver      : Resolving eureka endpoints via configuration
2026-06-22T19:26:24.070-05:00  INFO 82246 --- [notification-service] [           main] com.netflix.discovery.DiscoveryClient    : Disable delta property : false
2026-06-22T19:26:24.071-05:00  INFO 82246 --- [notification-service] [           main] com.netflix.discovery.DiscoveryClient    : Single vip registry refresh property : null
2026-06-22T19:26:24.071-05:00  INFO 82246 --- [notification-service] [           main] com.netflix.discovery.DiscoveryClient    : Force full registry fetch : false
2026-06-22T19:26:24.071-05:00  INFO 82246 --- [notification-service] [           main] com.netflix.discovery.DiscoveryClient    : Application is null : false
2026-06-22T19:26:24.071-05:00  INFO 82246 --- [notification-service] [           main] com.netflix.discovery.DiscoveryClient    : Registered Applications size is zero : true
2026-06-22T19:26:24.071-05:00  INFO 82246 --- [notification-service] [           main] com.netflix.discovery.DiscoveryClient    : Application version is -1: true
2026-06-22T19:26:24.071-05:00  INFO 82246 --- [notification-service] [           main] com.netflix.discovery.DiscoveryClient    : Getting all instance registry info from the eureka server
2026-06-22T19:26:25.991-05:00  INFO 82246 --- [notification-service] [           main] com.netflix.discovery.DiscoveryClient    : The response status is 200
2026-06-22T19:26:25.996-05:00  INFO 82246 --- [notification-service] [           main] com.netflix.discovery.DiscoveryClient    : Starting heartbeat executor: renew interval is: 30
2026-06-22T19:26:25.999-05:00  INFO 82246 --- [notification-service] [           main] c.n.discovery.InstanceInfoReplicator     : InstanceInfoReplicator onDemand update allowed rate per min is 4
2026-06-22T19:26:26.011-05:00  INFO 82246 --- [notification-service] [           main] com.netflix.discovery.DiscoveryClient    : Discovery Client initialized at timestamp 1782174386008 with initial instances count: 0
2026-06-22T19:26:26.015-05:00  INFO 82246 --- [notification-service] [           main] o.s.c.n.e.s.EurekaServiceRegistry        : Registering application NOTIFICATION-SERVICE with eureka with status UP
2026-06-22T19:26:26.015-05:00  INFO 82246 --- [notification-service] [           main] com.netflix.discovery.DiscoveryClient    : Saw local status change event StatusChangeEvent [timestamp=1782174386015, current=UP, previous=STARTING]
2026-06-22T19:26:26.017-05:00  INFO 82246 --- [notification-service] [nfoReplicator-0] com.netflix.discovery.DiscoveryClient    : DiscoveryClient_NOTIFICATION-SERVICE/192.168.18.43:notification-service:8088: registering service...
2026-06-22T19:26:26.067-05:00  INFO 82246 --- [notification-service] [           main] o.s.b.w.embedded.tomcat.TomcatWebServer  : Tomcat started on port 8088 (http) with context path ''
2026-06-22T19:26:26.069-05:00  INFO 82246 --- [notification-service] [           main] .s.c.n.e.s.EurekaAutoServiceRegistration : Updating port to 8088
2026-06-22T19:26:26.114-05:00  INFO 82246 --- [notification-service] [           main] c.c.n.NotificationApplication            : Started NotificationApplication in 11.579 seconds (process running for 12.17)
2026-06-22T19:26:26.484-05:00  INFO 82246 --- [notification-service] [nfoReplicator-0] com.netflix.discovery.DiscoveryClient    : DiscoveryClient_NOTIFICATION-SERVICE/192.168.18.43:notification-service:8088 - registration status: 204
2026-06-22T19:26:56.022-05:00  INFO 82246 --- [notification-service] [freshExecutor-0] com.netflix.discovery.DiscoveryClient    : Disable delta property : false
2026-06-22T19:26:56.030-05:00  INFO 82246 --- [notification-service] [freshExecutor-0] com.netflix.discovery.DiscoveryClient    : Single vip registry refresh property : null
2026-06-22T19:26:56.031-05:00  INFO 82246 --- [notification-service] [freshExecutor-0] com.netflix.discovery.DiscoveryClient    : Force full registry fetch : false
2026-06-22T19:26:56.031-05:00  INFO 82246 --- [notification-service] [freshExecutor-0] com.netflix.discovery.DiscoveryClient    : Application is null : false
2026-06-22T19:26:56.031-05:00  INFO 82246 --- [notification-service] [freshExecutor-0] com.netflix.discovery.DiscoveryClient    : Registered Applications size is zero : true
2026-06-22T19:26:56.031-05:00  INFO 82246 --- [notification-service] [freshExecutor-0] com.netflix.discovery.DiscoveryClient    : Application version is -1: false
2026-06-22T19:26:56.031-05:00  INFO 82246 --- [notification-service] [freshExecutor-0] com.netflix.discovery.DiscoveryClient    : Getting all instance registry info from the eureka server
2026-06-22T19:26:56.108-05:00  INFO 82246 --- [notification-service] [freshExecutor-0] com.netflix.discovery.DiscoveryClient    : The response status is 200
2026-06-22T19:31:24.106-05:00  INFO 82246 --- [notification-service] [trap-executor-0] c.n.d.s.r.aws.ConfigClusterResolver      : Resolving eureka endpoints via configuration
2026-06-22T19:36:24.144-05:00  INFO 82246 --- [notification-service] [trap-executor-0] c.n.d.s.r.aws.ConfigClusterResolver      : Resolving eureka endpoints via configuration
2026-06-22T19:41:24.116-05:00  INFO 82246 --- [notification-service] [trap-executor-0] c.n.d.s.r.aws.ConfigClusterResolver      : Resolving eureka endpoints via configuration
[INFO] ------------------------------------------------------------------------
[INFO] BUILD FAILURE
[INFO] ------------------------------------------------------------------------
[INFO] Total time:  18:42 min
[INFO] Finished at: 2026-06-22T19:44:51-05:00
[INFO] ------------------------------------------------------------------------
[ERROR] Failed to execute goal org.springframework.boot:spring-boot-maven-plugin:3.2.4:run (default-cli) on project notification-service: Process terminated with exit code: 137 -> [Help 1]
[ERROR] 
[ERROR] To see the full stack trace of the errors, re-run Maven with the -e switch.
[ERROR] Re-run Maven using the -X switch to enable full debug logging.
[ERROR] 
[ERROR] For more information about the errors and possible solutions, please read the following articles:
[ERROR] [Help 1] http://cwiki.apache.org/confluence/display/MAVEN/MojoExecutionException
