[INFO] Scanning for projects...
[INFO] 
[INFO] -------------------< com.cronos:reservation-service >-------------------
[INFO] Building Cronos Restobar - Reservation Service 1.0.0
[INFO]   from pom.xml
[INFO] --------------------------------[ jar ]---------------------------------
[INFO] 
[INFO] >>> spring-boot:3.2.4:run (default-cli) > test-compile @ reservation-service >>>
[INFO] 
[INFO] --- resources:3.3.1:resources (default-resources) @ reservation-service ---
[INFO] Copying 1 resource from src/main/resources to target/classes
[INFO] Copying 0 resource from src/main/resources to target/classes
[INFO] 
[INFO] --- compiler:3.11.0:compile (default-compile) @ reservation-service ---
[INFO] Nothing to compile - all classes are up to date
[INFO] 
[INFO] --- resources:3.3.1:testResources (default-testResources) @ reservation-service ---
[INFO] skip non existing resourceDirectory /Users/aldair/GitHub/CronosRestobar/reservation-service/src/test/resources
[INFO] 
[INFO] --- compiler:3.11.0:testCompile (default-testCompile) @ reservation-service ---
[INFO] Nothing to compile - all classes are up to date
[INFO] 
[INFO] <<< spring-boot:3.2.4:run (default-cli) < test-compile @ reservation-service <<<
[INFO] 
[INFO] 
[INFO] --- spring-boot:3.2.4:run (default-cli) @ reservation-service ---
[INFO] Attaching agents: []

  .   ____          _            __ _ _
 /\\ / ___'_ __ _ _(_)_ __  __ _ \ \ \ \
( ( )\___ | '_ | '_| | '_ \/ _` | \ \ \ \
 \\/  ___)| |_)| | | | | || (_| |  ) ) ) )
  '  |____| .__|_| |_|_| |_\__, | / / / /
 =========|_|==============|___/=/_/_/_/
 :: Spring Boot ::                (v3.2.4)

2026-06-22T19:26:19.870-05:00  INFO 82252 --- [reservation-service] [           main] c.c.reservation.ReservationApplication   : Starting ReservationApplication using Java 25.0.3 with PID 82252 (/Users/aldair/GitHub/CronosRestobar/reservation-service/target/classes started by aldair in /Users/aldair/GitHub/CronosRestobar/reservation-service)
2026-06-22T19:26:19.874-05:00  INFO 82252 --- [reservation-service] [           main] c.c.reservation.ReservationApplication   : No active profile set, falling back to 1 default profile: "default"
2026-06-22T19:26:23.152-05:00  INFO 82252 --- [reservation-service] [           main] .s.d.r.c.RepositoryConfigurationDelegate : Bootstrapping Spring Data JPA repositories in DEFAULT mode.
2026-06-22T19:26:23.384-05:00  INFO 82252 --- [reservation-service] [           main] .s.d.r.c.RepositoryConfigurationDelegate : Finished Spring Data repository scanning in 224 ms. Found 2 JPA repository interfaces.
2026-06-22T19:26:24.111-05:00  INFO 82252 --- [reservation-service] [           main] o.s.cloud.context.scope.GenericScope     : BeanFactory id=0ef50151-1704-3203-bef4-dac61796fcdb
2026-06-22T19:26:24.721-05:00  WARN 82252 --- [reservation-service] [           main] trationDelegate$BeanPostProcessorChecker : Bean 'org.springframework.cloud.client.loadbalancer.LoadBalancerAutoConfiguration$DeferringLoadBalancerInterceptorConfig' of type [org.springframework.cloud.client.loadbalancer.LoadBalancerAutoConfiguration$DeferringLoadBalancerInterceptorConfig] is not eligible for getting processed by all BeanPostProcessors (for example: not eligible for auto-proxying). The currently created BeanPostProcessor [lbRestClientPostProcessor] is declared through a non-static factory method on that class; consider declaring it as static instead.
2026-06-22T19:26:24.727-05:00  WARN 82252 --- [reservation-service] [           main] trationDelegate$BeanPostProcessorChecker : Bean 'deferringLoadBalancerInterceptor' of type [org.springframework.cloud.client.loadbalancer.DeferringLoadBalancerInterceptor] is not eligible for getting processed by all BeanPostProcessors (for example: not eligible for auto-proxying). Is this bean getting eagerly injected into a currently created BeanPostProcessor [lbRestClientPostProcessor]? Check the corresponding BeanPostProcessor declaration and its dependencies.
WARNING: A restricted method in java.lang.System has been called
WARNING: java.lang.System::load has been called by org.apache.tomcat.jni.Library in an unnamed module (file:/Users/aldair/.m2/repository/org/apache/tomcat/embed/tomcat-embed-core/10.1.19/tomcat-embed-core-10.1.19.jar)
WARNING: Use --enable-native-access=ALL-UNNAMED to avoid a warning for callers in this module
WARNING: Restricted methods will be blocked in a future release unless native access is enabled

2026-06-22T19:26:25.274-05:00  INFO 82252 --- [reservation-service] [           main] o.s.b.w.embedded.tomcat.TomcatWebServer  : Tomcat initialized with port 8086 (http)
2026-06-22T19:26:25.301-05:00  INFO 82252 --- [reservation-service] [           main] o.apache.catalina.core.StandardService   : Starting service [Tomcat]
2026-06-22T19:26:25.301-05:00  INFO 82252 --- [reservation-service] [           main] o.apache.catalina.core.StandardEngine    : Starting Servlet engine: [Apache Tomcat/10.1.19]
2026-06-22T19:26:25.418-05:00  INFO 82252 --- [reservation-service] [           main] o.a.c.c.C.[Tomcat].[localhost].[/]       : Initializing Spring embedded WebApplicationContext
2026-06-22T19:26:25.419-05:00  INFO 82252 --- [reservation-service] [           main] w.s.c.ServletWebServerApplicationContext : Root WebApplicationContext: initialization completed in 5442 ms
2026-06-22T19:26:26.291-05:00  INFO 82252 --- [reservation-service] [           main] o.hibernate.jpa.internal.util.LogHelper  : HHH000204: Processing PersistenceUnitInfo [name: default]
2026-06-22T19:26:26.331-05:00  INFO 82252 --- [reservation-service] [           main] org.hibernate.Version                    : HHH000412: Hibernate ORM core version 6.4.4.Final
2026-06-22T19:26:26.366-05:00  INFO 82252 --- [reservation-service] [           main] o.h.c.internal.RegionFactoryInitiator    : HHH000026: Second-level cache disabled
2026-06-22T19:26:26.712-05:00  INFO 82252 --- [reservation-service] [           main] o.s.o.j.p.SpringPersistenceUnitInfo      : No LoadTimeWeaver setup: ignoring JPA class transformer
2026-06-22T19:26:26.733-05:00  INFO 82252 --- [reservation-service] [           main] com.zaxxer.hikari.HikariDataSource       : HikariPool-1 - Starting...
2026-06-22T19:26:26.910-05:00  INFO 82252 --- [reservation-service] [           main] com.zaxxer.hikari.pool.HikariPool        : HikariPool-1 - Added connection com.mysql.cj.jdbc.ConnectionImpl@595184d8
2026-06-22T19:26:26.911-05:00  INFO 82252 --- [reservation-service] [           main] com.zaxxer.hikari.HikariDataSource       : HikariPool-1 - Start completed.
2026-06-22T19:26:26.987-05:00  WARN 82252 --- [reservation-service] [           main] org.hibernate.orm.deprecation            : HHH90000025: MySQLDialect does not need to be specified explicitly using 'hibernate.dialect' (remove the property setting and it will be selected by default)
2026-06-22T19:26:28.424-05:00  INFO 82252 --- [reservation-service] [           main] o.h.e.t.j.p.i.JtaPlatformInitiator       : HHH000489: No JTA platform available (set 'hibernate.transaction.jta.platform' to enable JTA platform integration)
2026-06-22T19:26:28.495-05:00  INFO 82252 --- [reservation-service] [           main] j.LocalContainerEntityManagerFactoryBean : Initialized JPA EntityManagerFactory for persistence unit 'default'
2026-06-22T19:26:29.571-05:00  WARN 82252 --- [reservation-service] [           main] JpaBaseConfiguration$JpaWebConfiguration : spring.jpa.open-in-view is enabled by default. Therefore, database queries may be performed during view rendering. Explicitly configure spring.jpa.open-in-view to disable this warning
2026-06-22T19:26:30.694-05:00  INFO 82252 --- [reservation-service] [           main] DiscoveryClientOptionalArgsConfiguration : Eureka HTTP Client uses RestTemplate.
2026-06-22T19:26:30.760-05:00  WARN 82252 --- [reservation-service] [           main] iguration$LoadBalancerCaffeineWarnLogger : Spring Cloud LoadBalancer is currently working with the default cache. While this cache implementation is useful for development and tests, it's recommended to use Caffeine cache in production.You can switch to using Caffeine cache, by adding it and org.springframework.cache.caffeine.CaffeineCacheManager to the classpath.
2026-06-22T19:26:30.787-05:00  INFO 82252 --- [reservation-service] [           main] o.s.b.a.e.web.EndpointLinksResolver      : Exposing 1 endpoint(s) beneath base path '/actuator'
2026-06-22T19:26:30.882-05:00  INFO 82252 --- [reservation-service] [           main] o.s.c.n.eureka.InstanceInfoFactory       : Setting initial instance status as: STARTING
2026-06-22T19:26:30.971-05:00  INFO 82252 --- [reservation-service] [           main] com.netflix.discovery.DiscoveryClient    : Initializing Eureka in region us-east-1
2026-06-22T19:26:30.975-05:00  INFO 82252 --- [reservation-service] [           main] c.n.d.s.r.aws.ConfigClusterResolver      : Resolving eureka endpoints via configuration
2026-06-22T19:26:30.990-05:00  INFO 82252 --- [reservation-service] [           main] com.netflix.discovery.DiscoveryClient    : Disable delta property : false
2026-06-22T19:26:30.990-05:00  INFO 82252 --- [reservation-service] [           main] com.netflix.discovery.DiscoveryClient    : Single vip registry refresh property : null
2026-06-22T19:26:30.990-05:00  INFO 82252 --- [reservation-service] [           main] com.netflix.discovery.DiscoveryClient    : Force full registry fetch : false
2026-06-22T19:26:30.990-05:00  INFO 82252 --- [reservation-service] [           main] com.netflix.discovery.DiscoveryClient    : Application is null : false
2026-06-22T19:26:30.990-05:00  INFO 82252 --- [reservation-service] [           main] com.netflix.discovery.DiscoveryClient    : Registered Applications size is zero : true
2026-06-22T19:26:30.990-05:00  INFO 82252 --- [reservation-service] [           main] com.netflix.discovery.DiscoveryClient    : Application version is -1: true
2026-06-22T19:26:30.990-05:00  INFO 82252 --- [reservation-service] [           main] com.netflix.discovery.DiscoveryClient    : Getting all instance registry info from the eureka server
2026-06-22T19:26:31.171-05:00  INFO 82252 --- [reservation-service] [           main] com.netflix.discovery.DiscoveryClient    : The response status is 200
2026-06-22T19:26:31.173-05:00  INFO 82252 --- [reservation-service] [           main] com.netflix.discovery.DiscoveryClient    : Starting heartbeat executor: renew interval is: 30
2026-06-22T19:26:31.175-05:00  INFO 82252 --- [reservation-service] [           main] c.n.discovery.InstanceInfoReplicator     : InstanceInfoReplicator onDemand update allowed rate per min is 4
2026-06-22T19:26:31.179-05:00  INFO 82252 --- [reservation-service] [           main] com.netflix.discovery.DiscoveryClient    : Discovery Client initialized at timestamp 1782174391179 with initial instances count: 5
2026-06-22T19:26:31.183-05:00  INFO 82252 --- [reservation-service] [           main] o.s.c.n.e.s.EurekaServiceRegistry        : Registering application RESERVATION-SERVICE with eureka with status UP
2026-06-22T19:26:31.183-05:00  INFO 82252 --- [reservation-service] [           main] com.netflix.discovery.DiscoveryClient    : Saw local status change event StatusChangeEvent [timestamp=1782174391183, current=UP, previous=STARTING]
2026-06-22T19:26:31.184-05:00  INFO 82252 --- [reservation-service] [nfoReplicator-0] com.netflix.discovery.DiscoveryClient    : DiscoveryClient_RESERVATION-SERVICE/192.168.18.43:reservation-service:8086: registering service...
2026-06-22T19:26:31.224-05:00  INFO 82252 --- [reservation-service] [nfoReplicator-0] com.netflix.discovery.DiscoveryClient    : DiscoveryClient_RESERVATION-SERVICE/192.168.18.43:reservation-service:8086 - registration status: 204
2026-06-22T19:26:31.240-05:00  INFO 82252 --- [reservation-service] [           main] o.s.b.w.embedded.tomcat.TomcatWebServer  : Tomcat started on port 8086 (http) with context path ''
2026-06-22T19:26:31.242-05:00  INFO 82252 --- [reservation-service] [           main] .s.c.n.e.s.EurekaAutoServiceRegistration : Updating port to 8086
2026-06-22T19:26:31.269-05:00  INFO 82252 --- [reservation-service] [           main] c.c.reservation.ReservationApplication   : Started ReservationApplication in 13.154 seconds (process running for 13.987)
2026-06-22T19:31:31.021-05:00  INFO 82252 --- [reservation-service] [trap-executor-0] c.n.d.s.r.aws.ConfigClusterResolver      : Resolving eureka endpoints via configuration
2026-06-22T19:36:31.055-05:00  INFO 82252 --- [reservation-service] [trap-executor-0] c.n.d.s.r.aws.ConfigClusterResolver      : Resolving eureka endpoints via configuration
2026-06-22T19:41:31.041-05:00  INFO 82252 --- [reservation-service] [trap-executor-0] c.n.d.s.r.aws.ConfigClusterResolver      : Resolving eureka endpoints via configuration
[INFO] ------------------------------------------------------------------------
[INFO] BUILD FAILURE
[INFO] ------------------------------------------------------------------------
[INFO] Total time:  18:39 min
[INFO] Finished at: 2026-06-22T19:44:51-05:00
[INFO] ------------------------------------------------------------------------
[ERROR] Failed to execute goal org.springframework.boot:spring-boot-maven-plugin:3.2.4:run (default-cli) on project reservation-service: Process terminated with exit code: 137 -> [Help 1]
[ERROR] 
[ERROR] To see the full stack trace of the errors, re-run Maven with the -e switch.
[ERROR] Re-run Maven using the -X switch to enable full debug logging.
[ERROR] 
[ERROR] For more information about the errors and possible solutions, please read the following articles:
[ERROR] [Help 1] http://cwiki.apache.org/confluence/display/MAVEN/MojoExecutionException
